{
  level: 'error',
  message: 'error',
  timestamp: '2023-09-15T16:18:49.445Z'
}
{
  level: 'error',
  message: 'error',
  timestamp: '2023-09-15T16:19:17.260Z'
}
{
  level: 'error',
  message: 'error',
  timestamp: '2023-09-15T16:39:27.214Z'
}
{
  level: 'error',
  message: 'error',
  timestamp: '2023-09-15T16:39:49.071Z'
}
{
  level: 'error',
  message: 'error',
  timestamp: '2023-09-15T16:43:44.667Z'
}
{
  level: 'error',
  message: 'error',
  timestamp: '2023-09-15T16:44:07.288Z'
}
{
  level: 'error',
  message: 'error',
  timestamp: '2023-09-15T16:46:15.367Z'
}
{
  level: 'error',
  message: 'error',
  timestamp: '2023-09-15T16:46:39.474Z'
}
{
  level: 'error',
  message: 'error',
  timestamp: '2023-09-15T16:49:39.709Z'
}
{
  level: 'error',
  message: 'error',
  timestamp: '2023-09-15T16:50:08.805Z'
}
{
  level: 'error',
  message: 'error',
  timestamp: '2023-09-15T16:51:16.409Z'
}
{
  level: 'error',
  message: 'error',
  timestamp: '2023-09-15T16:51:41.819Z'
}
{
  level: 'error',
  message: 'error',
  timestamp: '2023-09-15T17:18:25.353Z'
}
{
  level: 'error',
  message: 'error',
  timestamp: '2023-09-15T17:18:55.647Z'
}
{
  level: 'error',
  message: 'error',
  timestamp: '2023-09-15T17:26:56.600Z'
}
{
  level: 'error',
  message: 'error',
  timestamp: '2023-09-15T17:27:20.320Z'
}
{
  level: 'error',
  message: 'error',
  timestamp: '2023-09-15T17:30:24.159Z'
}
{
  name: 'Error',
  statusCode: 400,
  status: 'failure',
  data: undefined,
  isOperational: true,
  level: 'error',
  timestamp: '2023-09-15T17:33:18.555Z'
}
{
  level: 'error',
  message: 'error',
  timestamp: '2023-09-15T19:44:21.792Z'
}
{
  name: 'Error',
  statusCode: 404,
  status: 'failure',
  data: undefined,
  isOperational: true,
  level: 'error',
  timestamp: '2023-09-15T19:44:34.400Z'
}
{
  matcherResult: {
    actual: 404,
    expected: 200,
    message: '\x1B[2mexpect(\x1B[22m\x1B[31mreceived\x1B[39m\x1B[2m).\x1B[22mtoEqual\x1B[2m(\x1B[22m\x1B[32mexpected\x1B[39m\x1B[2m) // deep equality\x1B[22m\n' +
      '\n' +
      'Expected: \x1B[32m200\x1B[39m\n' +
      'Received: \x1B[31m404\x1B[39m',
    name: 'toEqual',
    pass: false
  },
  level: 'error',
  timestamp: '2023-09-15T19:44:34.746Z'
}
{
  level: 'error',
  message: 'error',
  timestamp: '2023-09-15T19:52:47.425Z'
}
{
  name: 'Error',
  statusCode: 404,
  status: 'failure',
  data: undefined,
  isOperational: true,
  level: 'error',
  timestamp: '2023-09-15T19:52:53.306Z'
}
{
  matcherResult: {
    actual: 404,
    expected: 200,
    message: '\x1B[2mexpect(\x1B[22m\x1B[31mreceived\x1B[39m\x1B[2m).\x1B[22mtoEqual\x1B[2m(\x1B[22m\x1B[32mexpected\x1B[39m\x1B[2m) // deep equality\x1B[22m\n' +
      '\n' +
      'Expected: \x1B[32m200\x1B[39m\n' +
      'Received: \x1B[31m404\x1B[39m',
    name: 'toEqual',
    pass: false
  },
  level: 'error',
  timestamp: '2023-09-15T19:52:53.413Z'
}
{
  name: 'Error',
  statusCode: 400,
  status: 'failure',
  data: undefined,
  isOperational: true,
  level: 'error',
  timestamp: '2023-09-15T19:52:53.792Z'
}
{
  name: 'Error',
  statusCode: 404,
  status: 'failure',
  data: undefined,
  isOperational: true,
  level: 'error',
  timestamp: '2023-09-15T19:52:53.868Z'
}
{
  matcherResult: {
    actual: 404,
    expected: 200,
    message: '\x1B[2mexpect(\x1B[22m\x1B[31mreceived\x1B[39m\x1B[2m).\x1B[22mtoEqual\x1B[2m(\x1B[22m\x1B[32mexpected\x1B[39m\x1B[2m) // deep equality\x1B[22m\n' +
      '\n' +
      'Expected: \x1B[32m200\x1B[39m\n' +
      'Received: \x1B[31m404\x1B[39m',
    name: 'toEqual',
    pass: false
  },
  level: 'error',
  timestamp: '2023-09-15T19:52:53.971Z'
}
{
  name: 'Error',
  statusCode: 404,
  status: 'failure',
  data: undefined,
  isOperational: true,
  level: 'error',
  timestamp: '2023-09-15T19:52:54.341Z'
}
{
  matcherResult: {
    actual: 404,
    expected: 200,
    message: '\x1B[2mexpect(\x1B[22m\x1B[31mreceived\x1B[39m\x1B[2m).\x1B[22mtoEqual\x1B[2m(\x1B[22m\x1B[32mexpected\x1B[39m\x1B[2m) // deep equality\x1B[22m\n' +
      '\n' +
      'Expected: \x1B[32m200\x1B[39m\n' +
      'Received: \x1B[31m404\x1B[39m',
    name: 'toEqual',
    pass: false
  },
  level: 'error',
  timestamp: '2023-09-15T19:52:54.416Z'
}
{
  level: 'error',
  message: 'error',
  timestamp: '2023-09-15T21:37:20.336Z'
}
{
  level: 'error',
  message: 'error',
  timestamp: '2023-09-15T21:37:43.515Z'
}
{
  level: 'error',
  message: 'error',
  timestamp: '2023-09-15T21:45:44.611Z'
}
{
  level: 'error',
  message: 'error',
  timestamp: '2023-09-15T21:46:03.975Z'
}
{
  level: 'error',
  message: 'error',
  timestamp: '2023-09-15T21:54:55.051Z'
}
{
  level: 'error',
  message: 'error',
  timestamp: '2023-09-15T22:36:48.010Z'
}
{
  level: 'error',
  message: 'error',
  timestamp: '2023-09-15T22:39:05.641Z'
}
{
  level: 'error',
  message: 'error',
  timestamp: '2023-09-15T22:39:10.448Z'
}
{
  level: 'error',
  message: 'error',
  timestamp: '2023-09-15T22:48:06.687Z'
}
{
  level: 'error',
  message: 'error',
  timestamp: '2023-09-15T22:48:13.553Z'
}
{
  level: 'error',
  message: 'error',
  timestamp: '2023-09-15T22:48:27.018Z'
}
{
  level: 'error',
  message: 'error',
  timestamp: '2023-09-15T22:54:22.890Z'
}
{
  level: 'error',
  message: 'error',
  timestamp: '2023-09-15T22:54:31.397Z'
}
{
  level: 'error',
  message: 'error',
  timestamp: '2023-09-15T22:54:37.645Z'
}
{
  level: 'error',
  message: 'error',
  timestamp: '2023-09-15T22:54:42.053Z'
}
{
  level: 'error',
  message: 'error',
  timestamp: '2023-09-15T22:54:46.092Z'
}
{
  level: 'error',
  message: 'error',
  timestamp: '2023-09-15T22:54:49.308Z'
}
{
  level: 'error',
  message: 'error',
  timestamp: '2023-09-15T22:55:05.976Z'
}
{
  level: 'error',
  message: 'error',
  timestamp: '2023-09-15T22:55:21.097Z'
}
{
  level: 'error',
  message: 'error',
  timestamp: '2023-09-15T22:55:25.487Z'
}
{
  level: 'error',
  message: 'error',
  timestamp: '2023-09-15T22:55:32.940Z'
}
{
  level: 'error',
  message: 'error',
  timestamp: '2023-09-15T22:55:37.329Z'
}
{
  level: 'error',
  message: 'error',
  timestamp: '2023-09-15T22:55:40.249Z'
}
{
  level: 'error',
  message: 'error',
  timestamp: '2023-09-15T22:56:12.829Z'
}
{
  level: 'error',
  message: 'error',
  timestamp: '2023-09-16T08:27:24.718Z'
}
{
  level: 'error',
  message: 'error',
  timestamp: '2023-09-16T08:27:36.466Z'
}
{
  level: 'error',
  message: 'error',
  timestamp: '2023-09-16T08:27:51.553Z'
}
{
  level: 'error',
  message: 'error',
  timestamp: '2023-09-16T08:27:54.867Z'
}
{
  level: 'error',
  message: 'error',
  timestamp: '2023-09-16T08:28:16.508Z'
}
{
  level: 'error',
  message: 'error',
  timestamp: '2023-09-16T08:30:00.157Z'
}
{
  level: 'error',
  message: 'error',
  timestamp: '2023-09-16T08:30:07.926Z'
}
{
  level: 'error',
  message: 'error',
  timestamp: '2023-09-16T08:30:14.859Z'
}
{
  level: 'error',
  message: 'error',
  timestamp: '2023-09-16T08:30:21.405Z'
}
{
  level: 'error',
  message: 'error',
  timestamp: '2023-09-16T08:30:25.345Z'
}
{
  level: 'error',
  message: 'error',
  timestamp: '2023-09-16T08:32:08.428Z'
}
{
  level: 'error',
  message: 'error',
  timestamp: '2023-09-16T08:32:19.775Z'
}
{
  level: 'error',
  message: 'error',
  timestamp: '2023-09-16T08:32:23.879Z'
}
{
  level: 'error',
  message: 'error',
  timestamp: '2023-09-16T08:32:44.743Z'
}
{
  level: 'error',
  message: 'error',
  timestamp: '2023-09-16T08:32:52.314Z'
}
{
  level: 'error',
  message: 'error',
  timestamp: '2023-09-16T08:33:09.262Z'
}
{
  level: 'error',
  message: 'error',
  timestamp: '2023-09-16T08:33:14.984Z'
}
{
  level: 'error',
  message: 'error',
  timestamp: '2023-09-16T08:34:28.170Z'
}
{
  level: 'error',
  message: 'error',
  timestamp: '2023-09-16T08:36:50.733Z'
}
{
  level: 'error',
  message: 'error',
  timestamp: '2023-09-16T08:37:27.613Z'
}
{
  level: 'error',
  message: 'error',
  timestamp: '2023-09-16T08:37:31.864Z'
}
{
  level: 'error',
  message: 'error',
  timestamp: '2023-09-16T08:37:35.412Z'
}
{
  level: 'error',
  message: 'error',
  timestamp: '2023-09-16T08:37:39.301Z'
}
{
  level: 'error',
  message: 'error',
  timestamp: '2023-09-16T08:38:41.777Z'
}
{
  level: 'error',
  message: 'error',
  timestamp: '2023-09-16T08:39:30.573Z'
}
{
  level: 'error',
  message: 'error',
  timestamp: '2023-09-16T08:39:47.270Z'
}
{
  level: 'error',
  message: 'error',
  timestamp: '2023-09-16T08:39:53.655Z'
}
{
  level: 'error',
  message: 'error',
  timestamp: '2023-09-16T08:39:57.191Z'
}
{
  level: 'error',
  message: 'error',
  timestamp: '2023-09-16T08:41:41.279Z'
}
{
  level: 'error',
  message: 'error',
  timestamp: '2023-09-16T08:42:18.762Z'
}
{
  level: 'error',
  message: 'error',
  timestamp: '2023-09-16T08:43:06.946Z'
}
{
  level: 'error',
  message: 'error',
  timestamp: '2023-09-16T08:43:11.825Z'
}
{
  level: 'error',
  message: 'error',
  timestamp: '2023-09-16T08:43:18.670Z'
}
{
  level: 'error',
  message: 'error',
  timestamp: '2023-09-16T08:43:23.825Z'
}
{
  level: 'error',
  message: 'error',
  timestamp: '2023-09-16T08:43:33.008Z'
}
{
  level: 'error',
  message: 'error',
  timestamp: '2023-09-16T08:43:51.812Z'
}
{
  level: 'error',
  message: 'error',
  timestamp: '2023-09-16T08:43:57.037Z'
}
{
  level: 'error',
  message: 'error',
  timestamp: '2023-09-16T08:44:02.133Z'
}
{
  level: 'error',
  message: 'error',
  timestamp: '2023-09-16T08:44:06.483Z'
}
{
  level: 'error',
  message: 'error',
  timestamp: '2023-09-16T08:44:12.053Z'
}
{
  level: 'error',
  message: 'error',
  timestamp: '2023-09-16T08:44:18.319Z'
}
{
  level: 'error',
  message: 'error',
  timestamp: '2023-09-16T08:44:25.796Z'
}
{
  level: 'error',
  message: 'error',
  timestamp: '2023-09-16T08:44:29.560Z'
}
{
  level: 'error',
  message: 'error',
  timestamp: '2023-09-16T08:44:41.536Z'
}
{
  level: 'error',
  message: 'error',
  timestamp: '2023-09-16T08:44:44.799Z'
}
{
  level: 'error',
  message: 'error',
  timestamp: '2023-09-16T08:45:19.288Z'
}
{
  level: 'error',
  message: 'error',
  timestamp: '2023-09-16T08:45:44.448Z'
}
{
  level: 'error',
  message: 'error',
  timestamp: '2023-09-16T08:46:38.222Z'
}
{
  level: 'error',
  message: 'error',
  timestamp: '2023-09-16T08:47:00.555Z'
}
{
  level: 'error',
  message: 'error',
  timestamp: '2023-09-16T08:47:26.948Z'
}
{
  level: 'error',
  message: 'error',
  timestamp: '2023-09-16T08:47:35.957Z'
}
{
  level: 'error',
  message: 'error',
  timestamp: '2023-09-16T08:47:42.371Z'
}
{
  level: 'error',
  message: 'error',
  timestamp: '2023-09-16T08:47:46.456Z'
}
{
  level: 'error',
  message: 'error',
  timestamp: '2023-09-16T08:47:54.371Z'
}
{
  level: 'error',
  message: 'error',
  timestamp: '2023-09-16T08:48:19.343Z'
}
{
  level: 'error',
  message: 'error',
  timestamp: '2023-09-16T08:48:25.267Z'
}
{
  level: 'error',
  message: 'error',
  timestamp: '2023-09-16T08:48:28.883Z'
}
{
  level: 'error',
  message: 'error',
  timestamp: '2023-09-16T08:48:35.774Z'
}
{
  level: 'error',
  message: 'error',
  timestamp: '2023-09-16T08:48:40.252Z'
}
{
  level: 'error',
  message: 'error',
  timestamp: '2023-09-16T08:48:44.297Z'
}
{
  level: 'error',
  message: 'error',
  timestamp: '2023-09-16T08:48:47.413Z'
}
{
  level: 'error',
  message: 'error',
  timestamp: '2023-09-16T08:49:35.701Z'
}
{
  level: 'error',
  message: 'error',
  timestamp: '2023-09-16T08:49:42.514Z'
}
{
  level: 'error',
  message: 'error',
  timestamp: '2023-09-16T08:49:48.547Z'
}
{
  level: 'error',
  message: 'error',
  timestamp: '2023-09-16T08:49:54.579Z'
}
{
  level: 'error',
  message: 'error',
  timestamp: '2023-09-16T08:50:00.982Z'
}
{
  level: 'error',
  message: 'error',
  timestamp: '2023-09-16T08:50:06.289Z'
}
{
  level: 'error',
  message: 'error',
  timestamp: '2023-09-16T08:50:10.088Z'
}
{
  level: 'error',
  message: 'error',
  timestamp: '2023-09-16T08:52:48.785Z'
}
